Arguments: 
  C:\Program Files\nodejs\node.exe C:\Program Files (x86)\Yarn\bin\yarn.js init

PATH: 
  C:\Users\mele\scoop\shims;C:\Windows\system32;C:\Windows;C:\Windows\System32\Wbem;C:\Windows\System32\WindowsPowerShell\v1.0\;C:\Windows\System32\OpenSSH\;D:\编程\Python\Python38;D:\编程\Python\Python38\Scripts;D:\mysql-8.0.22-winx64\bin;C:\ProgramData\chocolatey\bin;C:\Program Files\MongoDB\Server\4.4\bin;C:\Program Files\dotnet\;C:\Program Files\MongoDB\Tools\100\bin;C:\Program Files\nodejs\;C:\Program Files\Dart\dart-sdk\bin;D:\flutter_windows_2.0.6-stable\flutter\bin\cache\dart-sdk;D:\flutter_windows_2.0.6-stable\flutter\bin;C:\Program Files\Java\jdk-12.0.1;C:\Program Files\Java\jdk-12.0.1\bin;D:\android-sdk_r24.4.1-windows\android-sdk-windows;C:\Program Files (x86)\Yarn\bin\;C:\Users\mele\AppData\Local\Microsoft\WindowsApps;;D:\编程\Microsoft VS Code\bin;D:\编程\pycharm 2020\PyCharm 2020.3.2\bin;;C:\Users\mele\.dotnet\tools;C:\Users\mele\AppData\Roaming\npm;C:\Users\mele\AppData\Local\Yarn\bin

Yarn version: 
  1.22.5

Node version: 
  14.16.0

Platform: 
  win32 x64

Trace: 
  Error: canceled
      at Interface.<anonymous> (C:\Program Files (x86)\Yarn\lib\cli.js:137009:13)
      at Interface.emit (events.js:315:20)
      at Interface._ttyWrite (readline.js:875:16)
      at ReadStream.onkeypress (readline.js:213:10)
      at ReadStream.emit (events.js:315:20)
      at emitKeys (internal/readline/utils.js:345:14)
      at emitKeys.next (<anonymous>)
      at ReadStream.onData (readline.js:1144:36)
      at ReadStream.emit (events.js:315:20)
      at addChunk (internal/streams/readable.js:309:12)

npm manifest: 
  No manifest

yarn manifest: 
  No manifest

Lockfile: 
  No lockfile
